<?xml version="1.0" encoding="UTF-8"?>
<robot generator="Robot 6.0.2 (Python 3.10.2 on win32)" generated="20230706 16:44:41.184" rpa="false" schemaversion="3">
<suite id="s1" name="TP1" source="c:\Users\y.bouhi\Documents\Yassine\MDS\Qualité logiciel\TP-Qualit--Test-Logiciels\TP1\TP1.robot">
<kw name="Open Browser" library="SeleniumLibrary" type="SETUP">
<arg>https://opensourcedemo.orangehrmlive.com/web/index.php/auth/login</arg>
<arg>Chrome</arg>
<doc>Opens a new browser instance to the optional ``url``.</doc>
<msg timestamp="20230706 16:44:41.477" level="INFO">Opening browser 'Chrome' to base url 'https://opensourcedemo.orangehrmlive.com/web/index.php/auth/login'.</msg>
<status status="PASS" starttime="20230706 16:44:41.476" endtime="20230706 16:44:43.317"/>
</kw>
<test id="s1-t1" name="My TP Robot Test" line="11">
<kw name="Given I am on the login page" library="keyword-TP1">
<kw name="Go To" library="SeleniumLibrary">
<arg>https://opensource-demo.orangehrmlive.com/web/index.php/auth/login</arg>
<doc>Navigates the current browser window to the provided ``url``.</doc>
<msg timestamp="20230706 16:44:43.321" level="INFO">Opening url 'https://opensource-demo.orangehrmlive.com/web/index.php/auth/login'</msg>
<status status="PASS" starttime="20230706 16:44:43.320" endtime="20230706 16:44:44.333"/>
</kw>
<kw name="Wait Until Page Contains Element" library="SeleniumLibrary">
<arg>//input[@name="username"]</arg>
<doc>Waits until the element ``locator`` appears on the current page.</doc>
<status status="PASS" starttime="20230706 16:44:44.334" endtime="20230706 16:44:44.627"/>
</kw>
<status status="PASS" starttime="20230706 16:44:43.319" endtime="20230706 16:44:44.627"/>
</kw>
<kw name="When I log in with the generic account" library="keyword-TP1">
<kw name="Input Text" library="SeleniumLibrary">
<arg>//input[@name="username"]</arg>
<arg>Admin</arg>
<doc>Types the given ``text`` into the text field identified by ``locator``.</doc>
<msg timestamp="20230706 16:44:44.631" level="INFO">Typing text 'Admin' into text field '//input[@name="username"]'.</msg>
<status status="PASS" starttime="20230706 16:44:44.630" endtime="20230706 16:44:44.774"/>
</kw>
<kw name="Input Text" library="SeleniumLibrary">
<arg>//input[@name="password"]</arg>
<arg>admin123</arg>
<doc>Types the given ``text`` into the text field identified by ``locator``.</doc>
<msg timestamp="20230706 16:44:44.775" level="INFO">Typing text 'admin123' into text field '//input[@name="password"]'.</msg>
<status status="PASS" starttime="20230706 16:44:44.775" endtime="20230706 16:44:44.886"/>
</kw>
<kw name="Click Button" library="SeleniumLibrary">
<arg>//button</arg>
<doc>Clicks the button identified by ``locator``.</doc>
<msg timestamp="20230706 16:44:44.887" level="INFO">Clicking button '//button'.</msg>
<status status="PASS" starttime="20230706 16:44:44.886" endtime="20230706 16:44:45.831"/>
</kw>
<kw name="Wait Until Page Contains Element" library="SeleniumLibrary">
<arg>//ul[@class="oxd-main-menu"]</arg>
<doc>Waits until the element ``locator`` appears on the current page.</doc>
<status status="PASS" starttime="20230706 16:44:45.832" endtime="20230706 16:44:46.068"/>
</kw>
<status status="PASS" starttime="20230706 16:44:44.629" endtime="20230706 16:44:46.068"/>
</kw>
<kw name="Then I click on the &quot;Admin&quot; page in the menu" library="keyword-TP1" sourcename="I click on the &quot;${page}&quot; page in the menu">
<kw name="Click Element" library="SeleniumLibrary">
<arg>//ul[@class="oxd-main-menu"]//li[1]</arg>
<doc>Click the element identified by ``locator``.</doc>
<msg timestamp="20230706 16:44:46.070" level="INFO">Clicking element '//ul[@class="oxd-main-menu"]//li[1]'.</msg>
<status status="PASS" starttime="20230706 16:44:46.070" endtime="20230706 16:44:47.483"/>
</kw>
<kw name="Wait Until Page Contains Element" library="SeleniumLibrary">
<arg>//button[text()=" Add "]</arg>
<doc>Waits until the element ``locator`` appears on the current page.</doc>
<status status="PASS" starttime="20230706 16:44:47.483" endtime="20230706 16:44:47.766"/>
</kw>
<status status="PASS" starttime="20230706 16:44:46.069" endtime="20230706 16:44:47.766"/>
</kw>
<kw name="And I add a user" library="keyword-TP1">
<kw name="Generate Random String" library="String">
<var>${USERNAME}</var>
<arg>10</arg>
<arg>[LETTERS]</arg>
<doc>Generates a string with a desired ``length`` from the given ``chars``.</doc>
<msg timestamp="20230706 16:44:47.768" level="INFO">${USERNAME} = BVSjFqRZmR</msg>
<status status="PASS" starttime="20230706 16:44:47.768" endtime="20230706 16:44:47.768"/>
</kw>
<kw name="Set Test Variable" library="BuiltIn">
<arg>${USERNAME}</arg>
<doc>Makes a variable available everywhere within the scope of the current test.</doc>
<msg timestamp="20230706 16:44:47.769" level="INFO">${USERNAME} = BVSjFqRZmR</msg>
<status status="PASS" starttime="20230706 16:44:47.769" endtime="20230706 16:44:47.769"/>
</kw>
<kw name="Click Button" library="SeleniumLibrary">
<arg>//button[text()=" Add "]</arg>
<doc>Clicks the button identified by ``locator``.</doc>
<msg timestamp="20230706 16:44:47.770" level="INFO">Clicking button '//button[text()=" Add "]'.</msg>
<status status="PASS" starttime="20230706 16:44:47.769" endtime="20230706 16:44:48.139"/>
</kw>
<kw name="Wait Until Page Contains Element" library="SeleniumLibrary">
<arg>//label[text()="User Role"]/following::div[1]</arg>
<doc>Waits until the element ``locator`` appears on the current page.</doc>
<status status="PASS" starttime="20230706 16:44:48.140" endtime="20230706 16:44:48.382"/>
</kw>
<kw name="Press Keys" library="SeleniumLibrary">
<arg>//label[text()="User Role"]/following::div[1]</arg>
<arg>ARROW_DOWN</arg>
<arg>ARROW_DOWN</arg>
<arg>ENTER</arg>
<doc>Simulates the user pressing key(s) to an element or on the active browser.</doc>
<msg timestamp="20230706 16:44:48.384" level="INFO">Sending key(s) ('ARROW_DOWN', 'ARROW_DOWN', 'ENTER') to //label[text()="User Role"]/following::div[1] element.</msg>
<msg timestamp="20230706 16:44:48.701" level="INFO">Pressing special key ARROW_DOWN to element.</msg>
<msg timestamp="20230706 16:44:48.701" level="INFO">Releasing special key ARROW_DOWN.</msg>
<msg timestamp="20230706 16:44:48.717" level="INFO">Pressing special key ARROW_DOWN to element.</msg>
<msg timestamp="20230706 16:44:48.717" level="INFO">Releasing special key ARROW_DOWN.</msg>
<msg timestamp="20230706 16:44:48.730" level="INFO">Pressing special key ENTER to element.</msg>
<msg timestamp="20230706 16:44:48.730" level="INFO">Releasing special key ENTER.</msg>
<status status="PASS" starttime="20230706 16:44:48.382" endtime="20230706 16:44:48.743"/>
</kw>
<kw name="Press Keys" library="SeleniumLibrary">
<arg>//label[text()="Status"]/following::div[1]</arg>
<arg>ARROW_DOWN</arg>
<arg>ENTER</arg>
<doc>Simulates the user pressing key(s) to an element or on the active browser.</doc>
<msg timestamp="20230706 16:44:48.745" level="INFO">Sending key(s) ('ARROW_DOWN', 'ENTER') to //label[text()="Status"]/following::div[1] element.</msg>
<msg timestamp="20230706 16:44:49.090" level="INFO">Pressing special key ARROW_DOWN to element.</msg>
<msg timestamp="20230706 16:44:49.090" level="INFO">Releasing special key ARROW_DOWN.</msg>
<msg timestamp="20230706 16:44:49.109" level="INFO">Pressing special key ENTER to element.</msg>
<msg timestamp="20230706 16:44:49.110" level="INFO">Releasing special key ENTER.</msg>
<status status="PASS" starttime="20230706 16:44:48.744" endtime="20230706 16:44:49.120"/>
</kw>
<kw name="Press Keys" library="SeleniumLibrary">
<arg>//label[text()="Employee Name"]/following::div[1]</arg>
<arg>${EMPLOYEE_NAME}</arg>
<doc>Simulates the user pressing key(s) to an element or on the active browser.</doc>
<msg timestamp="20230706 16:44:49.121" level="INFO">Sending key(s) ('a',) to //label[text()="Employee Name"]/following::div[1] element.</msg>
<msg timestamp="20230706 16:44:49.443" level="INFO">Sending key a</msg>
<status status="PASS" starttime="20230706 16:44:49.120" endtime="20230706 16:44:49.465"/>
</kw>
<kw name="Sleep" library="BuiltIn">
<arg>2s</arg>
<doc>Pauses the test executed for the given time.</doc>
<msg timestamp="20230706 16:44:51.469" level="INFO">Slept 2 seconds</msg>
<status status="PASS" starttime="20230706 16:44:49.465" endtime="20230706 16:44:51.469"/>
</kw>
<kw name="Press Keys" library="SeleniumLibrary">
<arg>//label[text()="Employee Name"]/following::div[1]</arg>
<arg>ARROW_DOWN</arg>
<arg>ENTER</arg>
<doc>Simulates the user pressing key(s) to an element or on the active browser.</doc>
<msg timestamp="20230706 16:44:51.470" level="INFO">Sending key(s) ('ARROW_DOWN', 'ENTER') to //label[text()="Employee Name"]/following::div[1] element.</msg>
<msg timestamp="20230706 16:44:51.758" level="INFO">Pressing special key ARROW_DOWN to element.</msg>
<msg timestamp="20230706 16:44:51.758" level="INFO">Releasing special key ARROW_DOWN.</msg>
<msg timestamp="20230706 16:44:51.769" level="INFO">Pressing special key ENTER to element.</msg>
<msg timestamp="20230706 16:44:51.769" level="INFO">Releasing special key ENTER.</msg>
<status status="PASS" starttime="20230706 16:44:51.470" endtime="20230706 16:44:51.781"/>
</kw>
<kw name="Input Text" library="SeleniumLibrary">
<arg>//div[@class=""]//input[contains(@class, "oxd-input")]</arg>
<arg>${USERNAME}</arg>
<doc>Types the given ``text`` into the text field identified by ``locator``.</doc>
<msg timestamp="20230706 16:44:51.782" level="INFO">Typing text 'BVSjFqRZmR' into text field '//div[@class=""]//input[contains(@class, "oxd-input")]'.</msg>
<status status="PASS" starttime="20230706 16:44:51.781" endtime="20230706 16:44:51.900"/>
</kw>
<kw name="Input Text" library="SeleniumLibrary">
<arg>//label[text()="Password"]/following::input[1]</arg>
<arg>${PASSWORD}</arg>
<doc>Types the given ``text`` into the text field identified by ``locator``.</doc>
<msg timestamp="20230706 16:44:51.902" level="INFO">Typing text 'securepassword23' into text field '//label[text()="Password"]/following::input[1]'.</msg>
<status status="PASS" starttime="20230706 16:44:51.901" endtime="20230706 16:44:52.029"/>
</kw>
<kw name="Input Text" library="SeleniumLibrary">
<arg>//label[text()="Confirm Password"]/following::input[1]</arg>
<arg>${PASSWORD}</arg>
<doc>Types the given ``text`` into the text field identified by ``locator``.</doc>
<msg timestamp="20230706 16:44:52.030" level="INFO">Typing text 'securepassword23' into text field '//label[text()="Confirm Password"]/following::input[1]'.</msg>
<status status="PASS" starttime="20230706 16:44:52.029" endtime="20230706 16:44:52.169"/>
</kw>
<kw name="Click Button" library="SeleniumLibrary">
<arg>//button[@type="submit"]</arg>
<doc>Clicks the button identified by ``locator``.</doc>
<msg timestamp="20230706 16:44:52.170" level="INFO">Clicking button '//button[@type="submit"]'.</msg>
<status status="PASS" starttime="20230706 16:44:52.169" endtime="20230706 16:44:52.233"/>
</kw>
<status status="PASS" starttime="20230706 16:44:47.767" endtime="20230706 16:44:52.233"/>
</kw>
<kw name="And I search for the previously created user" library="keyword-TP1">
<kw name="Wait Until Page Contains Element" library="SeleniumLibrary">
<arg>//button[text()=" Add "]</arg>
<doc>Waits until the element ``locator`` appears on the current page.</doc>
<status status="PASS" starttime="20230706 16:44:52.235" endtime="20230706 16:44:56.622"/>
</kw>
<kw name="Input Text" library="SeleniumLibrary">
<arg>//label[text()="Username"]/following::input[1]</arg>
<arg>${USERNAME}</arg>
<doc>Types the given ``text`` into the text field identified by ``locator``.</doc>
<msg timestamp="20230706 16:44:56.624" level="INFO">Typing text 'BVSjFqRZmR' into text field '//label[text()="Username"]/following::input[1]'.</msg>
<status status="PASS" starttime="20230706 16:44:56.622" endtime="20230706 16:44:56.756"/>
</kw>
<kw name="Press Keys" library="SeleniumLibrary">
<arg>//label[text()="User Role"]/following::div[1]</arg>
<arg>ARROW_DOWN</arg>
<arg>ARROW_DOWN</arg>
<arg>ENTER</arg>
<doc>Simulates the user pressing key(s) to an element or on the active browser.</doc>
<msg timestamp="20230706 16:44:56.758" level="INFO">Sending key(s) ('ARROW_DOWN', 'ARROW_DOWN', 'ENTER') to //label[text()="User Role"]/following::div[1] element.</msg>
<msg timestamp="20230706 16:44:57.090" level="INFO">Pressing special key ARROW_DOWN to element.</msg>
<msg timestamp="20230706 16:44:57.092" level="INFO">Releasing special key ARROW_DOWN.</msg>
<msg timestamp="20230706 16:44:57.110" level="INFO">Pressing special key ARROW_DOWN to element.</msg>
<msg timestamp="20230706 16:44:57.111" level="INFO">Releasing special key ARROW_DOWN.</msg>
<msg timestamp="20230706 16:44:57.122" level="INFO">Pressing special key ENTER to element.</msg>
<msg timestamp="20230706 16:44:57.122" level="INFO">Releasing special key ENTER.</msg>
<status status="PASS" starttime="20230706 16:44:56.757" endtime="20230706 16:44:57.133"/>
</kw>
<kw name="Press Keys" library="SeleniumLibrary">
<arg>//label[text()="Employee Name"]/following::div[1]</arg>
<arg>${EMPLOYEE_NAME}</arg>
<doc>Simulates the user pressing key(s) to an element or on the active browser.</doc>
<msg timestamp="20230706 16:44:57.134" level="INFO">Sending key(s) ('a',) to //label[text()="Employee Name"]/following::div[1] element.</msg>
<msg timestamp="20230706 16:44:57.428" level="INFO">Sending key a</msg>
<status status="PASS" starttime="20230706 16:44:57.134" endtime="20230706 16:44:57.445"/>
</kw>
<kw name="Sleep" library="BuiltIn">
<arg>2s</arg>
<doc>Pauses the test executed for the given time.</doc>
<msg timestamp="20230706 16:44:59.458" level="INFO">Slept 2 seconds</msg>
<status status="PASS" starttime="20230706 16:44:57.446" endtime="20230706 16:44:59.459"/>
</kw>
<kw name="Press Keys" library="SeleniumLibrary">
<arg>//label[text()="Employee Name"]/following::div[1]</arg>
<arg>ARROW_DOWN</arg>
<arg>ENTER</arg>
<doc>Simulates the user pressing key(s) to an element or on the active browser.</doc>
<msg timestamp="20230706 16:44:59.462" level="INFO">Sending key(s) ('ARROW_DOWN', 'ENTER') to //label[text()="Employee Name"]/following::div[1] element.</msg>
<msg timestamp="20230706 16:44:59.751" level="INFO">Pressing special key ARROW_DOWN to element.</msg>
<msg timestamp="20230706 16:44:59.751" level="INFO">Releasing special key ARROW_DOWN.</msg>
<msg timestamp="20230706 16:44:59.766" level="INFO">Pressing special key ENTER to element.</msg>
<msg timestamp="20230706 16:44:59.767" level="INFO">Releasing special key ENTER.</msg>
<status status="PASS" starttime="20230706 16:44:59.459" endtime="20230706 16:44:59.776"/>
</kw>
<kw name="Press Keys" library="SeleniumLibrary">
<arg>//label[text()="Status"]/following::div[1]</arg>
<arg>ARROW_DOWN</arg>
<arg>ENTER</arg>
<doc>Simulates the user pressing key(s) to an element or on the active browser.</doc>
<msg timestamp="20230706 16:44:59.778" level="INFO">Sending key(s) ('ARROW_DOWN', 'ENTER') to //label[text()="Status"]/following::div[1] element.</msg>
<msg timestamp="20230706 16:45:00.086" level="INFO">Pressing special key ARROW_DOWN to element.</msg>
<msg timestamp="20230706 16:45:00.087" level="INFO">Releasing special key ARROW_DOWN.</msg>
<msg timestamp="20230706 16:45:00.096" level="INFO">Pressing special key ENTER to element.</msg>
<msg timestamp="20230706 16:45:00.096" level="INFO">Releasing special key ENTER.</msg>
<status status="PASS" starttime="20230706 16:44:59.777" endtime="20230706 16:45:00.108"/>
</kw>
<kw name="Click Button" library="SeleniumLibrary">
<arg>//button[@type="submit"]</arg>
<doc>Clicks the button identified by ``locator``.</doc>
<msg timestamp="20230706 16:45:00.108" level="INFO">Clicking button '//button[@type="submit"]'.</msg>
<status status="PASS" starttime="20230706 16:45:00.108" endtime="20230706 16:45:00.188"/>
</kw>
<status status="PASS" starttime="20230706 16:44:52.234" endtime="20230706 16:45:00.188"/>
</kw>
<kw name="And I modify the information of the searched user" library="keyword-TP1">
<kw name="Wait Until Page Contains Element" library="SeleniumLibrary">
<arg>//button[contains(@class, "oxd-icon-button") and .//i[contains(@class, "bi-pencil-fill")]]</arg>
<doc>Waits until the element ``locator`` appears on the current page.</doc>
<status status="PASS" starttime="20230706 16:45:00.192" endtime="20230706 16:45:00.431"/>
</kw>
<kw name="Click Element" library="SeleniumLibrary">
<arg>//button[contains(@class, "oxd-icon-button") and .//i[contains(@class, "bi-pencil-fill")]]</arg>
<doc>Click the element identified by ``locator``.</doc>
<msg timestamp="20230706 16:45:00.432" level="INFO">Clicking element '//button[contains(@class, "oxd-icon-button") and .//i[contains(@class, "bi-pencil-fill")]]'.</msg>
<status status="PASS" starttime="20230706 16:45:00.431" endtime="20230706 16:45:00.769"/>
</kw>
<kw name="Wait Until Page Contains Element" library="SeleniumLibrary">
<arg>//button[@type="submit"]</arg>
<doc>Waits until the element ``locator`` appears on the current page.</doc>
<status status="PASS" starttime="20230706 16:45:00.769" endtime="20230706 16:45:01.028"/>
</kw>
<kw name="Click Button" library="SeleniumLibrary">
<arg>//button[@type="submit"]</arg>
<doc>Clicks the button identified by ``locator``.</doc>
<msg timestamp="20230706 16:45:01.031" level="INFO">Clicking button '//button[@type="submit"]'.</msg>
<status status="PASS" starttime="20230706 16:45:01.029" endtime="20230706 16:45:01.301"/>
</kw>
<status status="PASS" starttime="20230706 16:45:00.190" endtime="20230706 16:45:01.301"/>
</kw>
<kw name="And I search for the previously created user" library="keyword-TP1">
<kw name="Wait Until Page Contains Element" library="SeleniumLibrary">
<arg>//button[text()=" Add "]</arg>
<doc>Waits until the element ``locator`` appears on the current page.</doc>
<status status="PASS" starttime="20230706 16:45:01.304" endtime="20230706 16:45:06.246"/>
</kw>
<kw name="Input Text" library="SeleniumLibrary">
<arg>//label[text()="Username"]/following::input[1]</arg>
<arg>${USERNAME}</arg>
<doc>Types the given ``text`` into the text field identified by ``locator``.</doc>
<msg timestamp="20230706 16:45:06.247" level="INFO">Typing text 'BVSjFqRZmR' into text field '//label[text()="Username"]/following::input[1]'.</msg>
<status status="PASS" starttime="20230706 16:45:06.246" endtime="20230706 16:45:06.368"/>
</kw>
<kw name="Press Keys" library="SeleniumLibrary">
<arg>//label[text()="User Role"]/following::div[1]</arg>
<arg>ARROW_DOWN</arg>
<arg>ARROW_DOWN</arg>
<arg>ENTER</arg>
<doc>Simulates the user pressing key(s) to an element or on the active browser.</doc>
<msg timestamp="20230706 16:45:06.369" level="INFO">Sending key(s) ('ARROW_DOWN', 'ARROW_DOWN', 'ENTER') to //label[text()="User Role"]/following::div[1] element.</msg>
<msg timestamp="20230706 16:45:06.695" level="INFO">Pressing special key ARROW_DOWN to element.</msg>
<msg timestamp="20230706 16:45:06.696" level="INFO">Releasing special key ARROW_DOWN.</msg>
<msg timestamp="20230706 16:45:06.722" level="INFO">Pressing special key ARROW_DOWN to element.</msg>
<msg timestamp="20230706 16:45:06.722" level="INFO">Releasing special key ARROW_DOWN.</msg>
<msg timestamp="20230706 16:45:06.740" level="INFO">Pressing special key ENTER to element.</msg>
<msg timestamp="20230706 16:45:06.740" level="INFO">Releasing special key ENTER.</msg>
<status status="PASS" starttime="20230706 16:45:06.368" endtime="20230706 16:45:06.753"/>
</kw>
<kw name="Press Keys" library="SeleniumLibrary">
<arg>//label[text()="Employee Name"]/following::div[1]</arg>
<arg>${EMPLOYEE_NAME}</arg>
<doc>Simulates the user pressing key(s) to an element or on the active browser.</doc>
<msg timestamp="20230706 16:45:06.754" level="INFO">Sending key(s) ('a',) to //label[text()="Employee Name"]/following::div[1] element.</msg>
<msg timestamp="20230706 16:45:07.044" level="INFO">Sending key a</msg>
<status status="PASS" starttime="20230706 16:45:06.754" endtime="20230706 16:45:07.056"/>
</kw>
<kw name="Sleep" library="BuiltIn">
<arg>2s</arg>
<doc>Pauses the test executed for the given time.</doc>
<msg timestamp="20230706 16:45:09.063" level="INFO">Slept 2 seconds</msg>
<status status="PASS" starttime="20230706 16:45:07.056" endtime="20230706 16:45:09.064"/>
</kw>
<kw name="Press Keys" library="SeleniumLibrary">
<arg>//label[text()="Employee Name"]/following::div[1]</arg>
<arg>ARROW_DOWN</arg>
<arg>ENTER</arg>
<doc>Simulates the user pressing key(s) to an element or on the active browser.</doc>
<msg timestamp="20230706 16:45:09.069" level="INFO">Sending key(s) ('ARROW_DOWN', 'ENTER') to //label[text()="Employee Name"]/following::div[1] element.</msg>
<msg timestamp="20230706 16:45:09.366" level="INFO">Pressing special key ARROW_DOWN to element.</msg>
<msg timestamp="20230706 16:45:09.367" level="INFO">Releasing special key ARROW_DOWN.</msg>
<msg timestamp="20230706 16:45:09.386" level="INFO">Pressing special key ENTER to element.</msg>
<msg timestamp="20230706 16:45:09.386" level="INFO">Releasing special key ENTER.</msg>
<status status="PASS" starttime="20230706 16:45:09.066" endtime="20230706 16:45:09.401"/>
</kw>
<kw name="Press Keys" library="SeleniumLibrary">
<arg>//label[text()="Status"]/following::div[1]</arg>
<arg>ARROW_DOWN</arg>
<arg>ENTER</arg>
<doc>Simulates the user pressing key(s) to an element or on the active browser.</doc>
<msg timestamp="20230706 16:45:09.403" level="INFO">Sending key(s) ('ARROW_DOWN', 'ENTER') to //label[text()="Status"]/following::div[1] element.</msg>
<msg timestamp="20230706 16:45:09.681" level="INFO">Pressing special key ARROW_DOWN to element.</msg>
<msg timestamp="20230706 16:45:09.681" level="INFO">Releasing special key ARROW_DOWN.</msg>
<msg timestamp="20230706 16:45:09.692" level="INFO">Pressing special key ENTER to element.</msg>
<msg timestamp="20230706 16:45:09.693" level="INFO">Releasing special key ENTER.</msg>
<status status="PASS" starttime="20230706 16:45:09.401" endtime="20230706 16:45:09.704"/>
</kw>
<kw name="Click Button" library="SeleniumLibrary">
<arg>//button[@type="submit"]</arg>
<doc>Clicks the button identified by ``locator``.</doc>
<msg timestamp="20230706 16:45:09.704" level="INFO">Clicking button '//button[@type="submit"]'.</msg>
<status status="PASS" starttime="20230706 16:45:09.704" endtime="20230706 16:45:09.783"/>
</kw>
<status status="PASS" starttime="20230706 16:45:01.303" endtime="20230706 16:45:09.784"/>
</kw>
<kw name="And I delete the modified user" library="keyword-TP1">
<kw name="Wait Until Page Contains Element" library="SeleniumLibrary">
<arg>//button[contains(@class, "oxd-icon-button") and .//i[contains(@class, "bi-trash")]]</arg>
<doc>Waits until the element ``locator`` appears on the current page.</doc>
<status status="PASS" starttime="20230706 16:45:09.786" endtime="20230706 16:45:10.037"/>
</kw>
<kw name="Click Element" library="SeleniumLibrary">
<arg>//button[contains(@class, "oxd-icon-button") and .//i[contains(@class, "bi-trash")]]</arg>
<doc>Click the element identified by ``locator``.</doc>
<msg timestamp="20230706 16:45:10.038" level="INFO">Clicking element '//button[contains(@class, "oxd-icon-button") and .//i[contains(@class, "bi-trash")]]'.</msg>
<status status="PASS" starttime="20230706 16:45:10.038" endtime="20230706 16:45:10.095"/>
</kw>
<kw name="Wait Until Page Contains Element" library="SeleniumLibrary">
<arg>//button[text()=" Yes, Delete "]</arg>
<doc>Waits until the element ``locator`` appears on the current page.</doc>
<status status="PASS" starttime="20230706 16:45:10.095" endtime="20230706 16:45:10.111"/>
</kw>
<kw name="Click Button" library="SeleniumLibrary">
<arg>//button[text()=" Yes, Delete "]</arg>
<doc>Clicks the button identified by ``locator``.</doc>
<msg timestamp="20230706 16:45:10.112" level="INFO">Clicking button '//button[text()=" Yes, Delete "]'.</msg>
<status status="PASS" starttime="20230706 16:45:10.111" endtime="20230706 16:45:10.199"/>
</kw>
<status status="PASS" starttime="20230706 16:45:09.785" endtime="20230706 16:45:10.199"/>
</kw>
<kw name="And I log out" library="keyword-TP1">
<kw name="Click Element" library="SeleniumLibrary">
<arg>//li[contains(@class, "oxd-userdropdown")]</arg>
<doc>Click the element identified by ``locator``.</doc>
<msg timestamp="20230706 16:45:10.205" level="INFO">Clicking element '//li[contains(@class, "oxd-userdropdown")]'.</msg>
<status status="PASS" starttime="20230706 16:45:10.203" endtime="20230706 16:45:10.312"/>
</kw>
<kw name="Click Element" library="SeleniumLibrary">
<arg>//li[contains(@class, "oxd-userdropdown")]//a[contains(@class, "oxd-userdropdown-link") and contains(text(), "Logout")]</arg>
<doc>Click the element identified by ``locator``.</doc>
<msg timestamp="20230706 16:45:10.312" level="INFO">Clicking element '//li[contains(@class, "oxd-userdropdown")]//a[contains(@class, "oxd-userdropdown-link") and contains(text(), "Logout")]'.</msg>
<status status="PASS" starttime="20230706 16:45:10.312" endtime="20230706 16:45:10.851"/>
</kw>
<kw name="Wait Until Page Contains Element" library="SeleniumLibrary">
<arg>//input[@name="username"]</arg>
<doc>Waits until the element ``locator`` appears on the current page.</doc>
<status status="PASS" starttime="20230706 16:45:10.852" endtime="20230706 16:45:11.154"/>
</kw>
<status status="PASS" starttime="20230706 16:45:10.201" endtime="20230706 16:45:11.154"/>
</kw>
<tag>my_tp_selenium</tag>
<status status="PASS" starttime="20230706 16:44:43.317" endtime="20230706 16:45:11.182"/>
</test>
<kw name="Close Browser" library="SeleniumLibrary" type="TEARDOWN">
<doc>Closes the current browser.</doc>
<status status="PASS" starttime="20230706 16:45:11.186" endtime="20230706 16:45:13.466"/>
</kw>
<doc>User Management (Selenium|Playwright) Robot Test</doc>
<status status="PASS" starttime="20230706 16:44:41.189" endtime="20230706 16:45:13.466"/>
</suite>
<statistics>
<total>
<stat pass="1" fail="0" skip="0">All Tests</stat>
</total>
<tag>
<stat pass="1" fail="0" skip="0">my_tp_selenium</stat>
</tag>
<suite>
<stat pass="1" fail="0" skip="0" id="s1" name="TP1">TP1</stat>
</suite>
</statistics>
<errors>
</errors>
</robot>
