<?xml version="1.0" encoding="UTF-8"?>
<robot generator="Robot 6.0.2 (Python 3.10.8 on win32)" generated="20230704 21:54:46.847" rpa="false" schemaversion="3">
<suite id="s1" name="TP-2" source="C:\Users\eessayad\Desktop\TP-Qualité-Test-Logiciels\TP2\TP-2.robot">
<test id="s1-t1" name="Employee Management Test" line="12">
<kw name="Given the visitor is connected by opening the browser with URL" library="keyword-TP1">
<kw name="Open Browser" library="SeleniumLibrary">
<arg>${BASE_URL}</arg>
<arg>${BROWSER}</arg>
<doc>Opens a new browser instance to the optional ``url``.</doc>
<msg timestamp="20230704 21:54:47.138" level="INFO">Opening browser 'chrome' to base url 'https://opensource-demo.orangehrmlive.com/web/index.php/auth/login'.</msg>
<status status="PASS" starttime="20230704 21:54:47.138" endtime="20230704 21:54:49.481"/>
</kw>
<status status="PASS" starttime="20230704 21:54:47.138" endtime="20230704 21:54:49.481"/>
</kw>
<kw name="When the visitor logs in with username" library="keyword-TP1">
<kw name="Generate Random String" library="String">
<var>${EMPLOYEE_PASSWORD}</var>
<arg>10</arg>
<arg>[LETTERS][NUMBERS]</arg>
<doc>Generates a string with a desired ``length`` from the given ``chars``.</doc>
<msg timestamp="20230704 21:54:49.489" level="INFO">${EMPLOYEE_PASSWORD} = ao69hKFb0D</msg>
<status status="PASS" starttime="20230704 21:54:49.481" endtime="20230704 21:54:49.489"/>
</kw>
<kw name="Set Test Variable" library="BuiltIn">
<arg>${EMPLOYEE_PASSWORD}</arg>
<doc>Makes a variable available everywhere within the scope of the current test.</doc>
<msg timestamp="20230704 21:54:49.490" level="INFO">${EMPLOYEE_PASSWORD} = ao69hKFb0D</msg>
<status status="PASS" starttime="20230704 21:54:49.489" endtime="20230704 21:54:49.490"/>
</kw>
<kw name="Wait Until Page Contains Element" library="SeleniumLibrary">
<arg>xpath://*[@id="app"]/div[1]</arg>
<doc>Waits until the element ``locator`` appears on the current page.</doc>
<status status="PASS" starttime="20230704 21:54:49.490" endtime="20230704 21:54:49.768"/>
</kw>
<kw name="Input Text" library="SeleniumLibrary">
<arg>xpath://input[@name='username']</arg>
<arg>${USERNAME}</arg>
<doc>Types the given ``text`` into the text field identified by ``locator``.</doc>
<msg timestamp="20230704 21:54:49.768" level="INFO">Typing text 'Admin' into text field 'xpath://input[@name='username']'.</msg>
<status status="PASS" starttime="20230704 21:54:49.768" endtime="20230704 21:54:49.905"/>
</kw>
<kw name="Input Password" library="SeleniumLibrary">
<arg>xpath://input[@name='password']</arg>
<arg>${PASSWORD}</arg>
<doc>Types the given password into the text field identified by ``locator``.</doc>
<msg timestamp="20230704 21:54:49.905" level="INFO">Typing password into text field 'xpath://input[@name='password']'.</msg>
<msg timestamp="20230704 21:54:49.947" level="INFO">Temporally setting log level to: NONE</msg>
<msg timestamp="20230704 21:54:50.007" level="INFO">Log level changed from NONE to INFO.</msg>
<status status="PASS" starttime="20230704 21:54:49.905" endtime="20230704 21:54:50.007"/>
</kw>
<kw name="Submit Form" library="SeleniumLibrary">
<doc>Submits a form identified by ``locator``.</doc>
<msg timestamp="20230704 21:54:50.016" level="INFO">Submitting form 'None'.</msg>
<status status="PASS" starttime="20230704 21:54:50.016" endtime="20230704 21:54:51.008"/>
</kw>
<status status="PASS" starttime="20230704 21:54:49.481" endtime="20230704 21:54:51.008"/>
</kw>
<kw name="And the visitor goes to PIM Page" library="keyword-TP1">
<kw name="Sleep" library="BuiltIn">
<arg>3s</arg>
<doc>Pauses the test executed for the given time.</doc>
<msg timestamp="20230704 21:54:54.021" level="INFO">Slept 3 seconds</msg>
<status status="PASS" starttime="20230704 21:54:51.013" endtime="20230704 21:54:54.021"/>
</kw>
<kw name="Click Link" library="SeleniumLibrary">
<arg>//a[span[text()='PIM']]</arg>
<doc>Clicks a link identified by ``locator``.</doc>
<msg timestamp="20230704 21:54:54.021" level="INFO">Clicking link '//a[span[text()='PIM']]'.</msg>
<status status="PASS" starttime="20230704 21:54:54.021" endtime="20230704 21:54:54.681"/>
</kw>
<status status="PASS" starttime="20230704 21:54:51.013" endtime="20230704 21:54:54.681"/>
</kw>
<kw name="And the visitor creates a new user" library="keyword-TP1">
<kw name="Generate Random String" library="String">
<var>${EMPLOYEE_USERNAME}</var>
<arg>10</arg>
<arg>[LETTERS]</arg>
<doc>Generates a string with a desired ``length`` from the given ``chars``.</doc>
<msg timestamp="20230704 21:54:54.686" level="INFO">${EMPLOYEE_USERNAME} = cMJEgNIcCD</msg>
<status status="PASS" starttime="20230704 21:54:54.686" endtime="20230704 21:54:54.686"/>
</kw>
<kw name="Set Test Variable" library="BuiltIn">
<arg>${EMPLOYEE_USERNAME}</arg>
<doc>Makes a variable available everywhere within the scope of the current test.</doc>
<msg timestamp="20230704 21:54:54.686" level="INFO">${EMPLOYEE_USERNAME} = cMJEgNIcCD</msg>
<status status="PASS" starttime="20230704 21:54:54.686" endtime="20230704 21:54:54.686"/>
</kw>
<kw name="Sleep" library="BuiltIn">
<arg>2s</arg>
<doc>Pauses the test executed for the given time.</doc>
<msg timestamp="20230704 21:54:56.700" level="INFO">Slept 2 seconds</msg>
<status status="PASS" starttime="20230704 21:54:54.686" endtime="20230704 21:54:56.700"/>
</kw>
<kw name="Click Button" library="SeleniumLibrary">
<arg>//button[text()=' Add ']</arg>
<doc>Clicks the button identified by ``locator``.</doc>
<msg timestamp="20230704 21:54:56.700" level="INFO">Clicking button '//button[text()=' Add ']'.</msg>
<status status="PASS" starttime="20230704 21:54:56.700" endtime="20230704 21:54:57.139"/>
</kw>
<kw name="Sleep" library="BuiltIn">
<arg>2s</arg>
<doc>Pauses the test executed for the given time.</doc>
<msg timestamp="20230704 21:54:59.146" level="INFO">Slept 2 seconds</msg>
<status status="PASS" starttime="20230704 21:54:57.139" endtime="20230704 21:54:59.146"/>
</kw>
<kw name="Input Text" library="SeleniumLibrary">
<arg>//input[contains(@name, 'firstName') and contains(@placeholder, 'First Name')]</arg>
<arg>${FIRSTNAME}</arg>
<doc>Types the given ``text`` into the text field identified by ``locator``.</doc>
<msg timestamp="20230704 21:54:59.146" level="INFO">Typing text 'darkhc' into text field '//input[contains(@name, 'firstName') and contains(@placeholder, 'First Name')]'.</msg>
<status status="PASS" starttime="20230704 21:54:59.146" endtime="20230704 21:54:59.257"/>
</kw>
<kw name="Input Text" library="SeleniumLibrary">
<arg>//input[contains(@name, 'lastName') and contains(@placeholder, 'Last Name')]</arg>
<arg>${LASTNAME}</arg>
<doc>Types the given ``text`` into the text field identified by ``locator``.</doc>
<msg timestamp="20230704 21:54:59.258" level="INFO">Typing text 'dev' into text field '//input[contains(@name, 'lastName') and contains(@placeholder, 'Last Name')]'.</msg>
<status status="PASS" starttime="20230704 21:54:59.258" endtime="20230704 21:54:59.339"/>
</kw>
<kw name="Click Element" library="SeleniumLibrary">
<arg>//span[contains(@class, 'oxd-switch-input oxd-switch-input--active --label-right')]</arg>
<doc>Click the element identified by ``locator``.</doc>
<msg timestamp="20230704 21:54:59.339" level="INFO">Clicking element '//span[contains(@class, 'oxd-switch-input oxd-switch-input--active --label-right')]'.</msg>
<status status="PASS" starttime="20230704 21:54:59.339" endtime="20230704 21:54:59.415"/>
</kw>
<kw name="Sleep" library="BuiltIn">
<arg>2s</arg>
<doc>Pauses the test executed for the given time.</doc>
<msg timestamp="20230704 21:55:01.424" level="INFO">Slept 2 seconds</msg>
<status status="PASS" starttime="20230704 21:54:59.415" endtime="20230704 21:55:01.424"/>
</kw>
<kw name="Input Text" library="SeleniumLibrary">
<arg>//input[contains(@class, 'oxd-input oxd-input--active') and @autocomplete='off']</arg>
<arg>${EMPLOYEE_USERNAME}</arg>
<doc>Types the given ``text`` into the text field identified by ``locator``.</doc>
<msg timestamp="20230704 21:55:01.425" level="INFO">Typing text 'cMJEgNIcCD' into text field '//input[contains(@class, 'oxd-input oxd-input--active') and @autocomplete='off']'.</msg>
<status status="PASS" starttime="20230704 21:55:01.424" endtime="20230704 21:55:01.543"/>
</kw>
<kw name="Input Password" library="SeleniumLibrary">
<arg>//label[text()='Password']//following::input[1]</arg>
<arg>${EMPLOYEE_PASSWORD}</arg>
<doc>Types the given password into the text field identified by ``locator``.</doc>
<msg timestamp="20230704 21:55:01.543" level="INFO">Typing password into text field '//label[text()='Password']//following::input[1]'.</msg>
<msg timestamp="20230704 21:55:01.599" level="INFO">Temporally setting log level to: NONE</msg>
<msg timestamp="20230704 21:55:01.675" level="INFO">Log level changed from NONE to INFO.</msg>
<status status="PASS" starttime="20230704 21:55:01.543" endtime="20230704 21:55:01.675"/>
</kw>
<kw name="Input Password" library="SeleniumLibrary">
<arg>//label[text()='Confirm Password']//following::input</arg>
<arg>${EMPLOYEE_PASSWORD}</arg>
<doc>Types the given password into the text field identified by ``locator``.</doc>
<msg timestamp="20230704 21:55:01.678" level="INFO">Typing password into text field '//label[text()='Confirm Password']//following::input'.</msg>
<msg timestamp="20230704 21:55:01.751" level="INFO">Temporally setting log level to: NONE</msg>
<msg timestamp="20230704 21:55:01.883" level="INFO">Log level changed from NONE to INFO.</msg>
<status status="PASS" starttime="20230704 21:55:01.675" endtime="20230704 21:55:01.883"/>
</kw>
<kw name="Click Button" library="SeleniumLibrary">
<arg>//button[text()=' Save ']</arg>
<doc>Clicks the button identified by ``locator``.</doc>
<msg timestamp="20230704 21:55:01.883" level="INFO">Clicking button '//button[text()=' Save ']'.</msg>
<status status="PASS" starttime="20230704 21:55:01.883" endtime="20230704 21:55:01.964"/>
</kw>
<kw name="Sleep" library="BuiltIn">
<arg>5s</arg>
<doc>Pauses the test executed for the given time.</doc>
<msg timestamp="20230704 21:55:06.967" level="INFO">Slept 5 seconds</msg>
<status status="PASS" starttime="20230704 21:55:01.964" endtime="20230704 21:55:06.967"/>
</kw>
<status status="PASS" starttime="20230704 21:54:54.681" endtime="20230704 21:55:06.967"/>
</kw>
<kw name="And the visitor search the new user" library="keyword-TP1">
<kw name="the visitor goes to PIM Page" library="keyword-TP1">
<kw name="Sleep" library="BuiltIn">
<arg>3s</arg>
<doc>Pauses the test executed for the given time.</doc>
<msg timestamp="20230704 21:55:09.970" level="INFO">Slept 3 seconds</msg>
<status status="PASS" starttime="20230704 21:55:06.967" endtime="20230704 21:55:09.971"/>
</kw>
<kw name="Click Link" library="SeleniumLibrary">
<arg>//a[span[text()='PIM']]</arg>
<doc>Clicks a link identified by ``locator``.</doc>
<msg timestamp="20230704 21:55:09.971" level="INFO">Clicking link '//a[span[text()='PIM']]'.</msg>
<status status="PASS" starttime="20230704 21:55:09.971" endtime="20230704 21:55:10.487"/>
</kw>
<status status="PASS" starttime="20230704 21:55:06.967" endtime="20230704 21:55:10.489"/>
</kw>
<kw name="Wait Until Page Contains Element" library="SeleniumLibrary">
<arg>xpath://*[@id="app"]/div[1]</arg>
<doc>Waits until the element ``locator`` appears on the current page.</doc>
<status status="PASS" starttime="20230704 21:55:10.489" endtime="20230704 21:55:10.730"/>
</kw>
<kw name="Input Text" library="SeleniumLibrary">
<arg>//label[text()='Employee Name']//following::input[1]</arg>
<arg>${EMPLOYEE_NAME}</arg>
<doc>Types the given ``text`` into the text field identified by ``locator``.</doc>
<msg timestamp="20230704 21:55:10.730" level="INFO">Typing text 'darkhc dev' into text field '//label[text()='Employee Name']//following::input[1]'.</msg>
<status status="PASS" starttime="20230704 21:55:10.730" endtime="20230704 21:55:10.925"/>
</kw>
<kw name="Click Button" library="SeleniumLibrary">
<arg>//button[text()=' Search ']</arg>
<doc>Clicks the button identified by ``locator``.</doc>
<msg timestamp="20230704 21:55:10.933" level="INFO">Clicking button '//button[text()=' Search ']'.</msg>
<status status="PASS" starttime="20230704 21:55:10.925" endtime="20230704 21:55:11.070"/>
</kw>
<kw name="Sleep" library="BuiltIn">
<arg>3s</arg>
<doc>Pauses the test executed for the given time.</doc>
<msg timestamp="20230704 21:55:14.080" level="INFO">Slept 3 seconds</msg>
<status status="PASS" starttime="20230704 21:55:11.070" endtime="20230704 21:55:14.080"/>
</kw>
<status status="PASS" starttime="20230704 21:55:06.967" endtime="20230704 21:55:14.080"/>
</kw>
<kw name="And the visitor modifies the new user" library="keyword-TP1">
<kw name="Sleep" library="BuiltIn">
<arg>2s</arg>
<doc>Pauses the test executed for the given time.</doc>
<msg timestamp="20230704 21:55:16.086" level="INFO">Slept 2 seconds</msg>
<status status="PASS" starttime="20230704 21:55:14.080" endtime="20230704 21:55:16.086"/>
</kw>
<kw name="Click Element" library="SeleniumLibrary">
<arg>//i[contains(@class, 'oxd-icon bi-pencil-fill')][1]</arg>
<doc>Click the element identified by ``locator``.</doc>
<msg timestamp="20230704 21:55:16.086" level="INFO">Clicking element '//i[contains(@class, 'oxd-icon bi-pencil-fill')][1]'.</msg>
<status status="PASS" starttime="20230704 21:55:16.086" endtime="20230704 21:55:16.517"/>
</kw>
<kw name="Sleep" library="BuiltIn">
<arg>2s</arg>
<doc>Pauses the test executed for the given time.</doc>
<msg timestamp="20230704 21:55:18.519" level="INFO">Slept 2 seconds</msg>
<status status="PASS" starttime="20230704 21:55:16.517" endtime="20230704 21:55:18.519"/>
</kw>
<kw name="Input Text" library="SeleniumLibrary">
<arg>//input[@name='lastName']</arg>
<arg>${LASTNAME}</arg>
<doc>Types the given ``text`` into the text field identified by ``locator``.</doc>
<msg timestamp="20230704 21:55:18.520" level="INFO">Typing text 'dev' into text field '//input[@name='lastName']'.</msg>
<status status="PASS" starttime="20230704 21:55:18.520" endtime="20230704 21:55:18.687"/>
</kw>
<kw name="Click Button" library="SeleniumLibrary">
<arg>//button[text()=' Save '][1]</arg>
<doc>Clicks the button identified by ``locator``.</doc>
<msg timestamp="20230704 21:55:18.687" level="INFO">Clicking button '//button[text()=' Save '][1]'.</msg>
<status status="PASS" starttime="20230704 21:55:18.687" endtime="20230704 21:55:18.885"/>
</kw>
<kw name="Sleep" library="BuiltIn">
<arg>3s</arg>
<doc>Pauses the test executed for the given time.</doc>
<msg timestamp="20230704 21:55:21.901" level="INFO">Slept 3 seconds</msg>
<status status="PASS" starttime="20230704 21:55:18.885" endtime="20230704 21:55:21.901"/>
</kw>
<status status="PASS" starttime="20230704 21:55:14.080" endtime="20230704 21:55:21.902"/>
</kw>
<kw name="And the visitor goes to PIM Page" library="keyword-TP1">
<kw name="Sleep" library="BuiltIn">
<arg>3s</arg>
<doc>Pauses the test executed for the given time.</doc>
<msg timestamp="20230704 21:55:24.926" level="INFO">Slept 3 seconds</msg>
<status status="PASS" starttime="20230704 21:55:21.905" endtime="20230704 21:55:24.926"/>
</kw>
<kw name="Click Link" library="SeleniumLibrary">
<arg>//a[span[text()='PIM']]</arg>
<doc>Clicks a link identified by ``locator``.</doc>
<msg timestamp="20230704 21:55:24.926" level="INFO">Clicking link '//a[span[text()='PIM']]'.</msg>
<status status="PASS" starttime="20230704 21:55:24.926" endtime="20230704 21:55:25.741"/>
</kw>
<status status="PASS" starttime="20230704 21:55:21.903" endtime="20230704 21:55:25.741"/>
</kw>
<kw name="And the visitor search the new modified user" library="keyword-TP1">
<kw name="the visitor goes to PIM Page" library="keyword-TP1">
<kw name="Sleep" library="BuiltIn">
<arg>3s</arg>
<doc>Pauses the test executed for the given time.</doc>
<msg timestamp="20230704 21:55:28.761" level="INFO">Slept 3 seconds</msg>
<status status="PASS" starttime="20230704 21:55:25.746" endtime="20230704 21:55:28.761"/>
</kw>
<kw name="Click Link" library="SeleniumLibrary">
<arg>//a[span[text()='PIM']]</arg>
<doc>Clicks a link identified by ``locator``.</doc>
<msg timestamp="20230704 21:55:28.761" level="INFO">Clicking link '//a[span[text()='PIM']]'.</msg>
<status status="PASS" starttime="20230704 21:55:28.761" endtime="20230704 21:55:29.385"/>
</kw>
<status status="PASS" starttime="20230704 21:55:25.745" endtime="20230704 21:55:29.385"/>
</kw>
<kw name="Wait Until Page Contains Element" library="SeleniumLibrary">
<arg>xpath://*[@id="app"]/div[1]</arg>
<doc>Waits until the element ``locator`` appears on the current page.</doc>
<status status="PASS" starttime="20230704 21:55:29.385" endtime="20230704 21:55:29.654"/>
</kw>
<kw name="Input Text" library="SeleniumLibrary">
<arg>//label[text()='Employee Name']//following::input[1]</arg>
<arg>${EMPLOYEE_NAME}${LASTNAME}</arg>
<doc>Types the given ``text`` into the text field identified by ``locator``.</doc>
<msg timestamp="20230704 21:55:29.654" level="INFO">Typing text 'darkhc devdev' into text field '//label[text()='Employee Name']//following::input[1]'.</msg>
<status status="PASS" starttime="20230704 21:55:29.654" endtime="20230704 21:55:29.877"/>
</kw>
<kw name="Click Button" library="SeleniumLibrary">
<arg>//button[text()=' Search ']</arg>
<doc>Clicks the button identified by ``locator``.</doc>
<msg timestamp="20230704 21:55:29.877" level="INFO">Clicking button '//button[text()=' Search ']'.</msg>
<status status="PASS" starttime="20230704 21:55:29.877" endtime="20230704 21:55:30.011"/>
</kw>
<kw name="Sleep" library="BuiltIn">
<arg>3s</arg>
<doc>Pauses the test executed for the given time.</doc>
<msg timestamp="20230704 21:55:33.013" level="INFO">Slept 3 seconds</msg>
<status status="PASS" starttime="20230704 21:55:30.011" endtime="20230704 21:55:33.013"/>
</kw>
<status status="PASS" starttime="20230704 21:55:25.744" endtime="20230704 21:55:33.013"/>
</kw>
<kw name="And the visitor deletes the modified user" library="keyword-TP1">
<kw name="Click Element" library="SeleniumLibrary">
<arg>//i[contains(@class, 'oxd-icon bi-trash')][1]</arg>
<doc>Click the element identified by ``locator``.</doc>
<msg timestamp="20230704 21:55:33.013" level="INFO">Clicking element '//i[contains(@class, 'oxd-icon bi-trash')][1]'.</msg>
<status status="PASS" starttime="20230704 21:55:33.013" endtime="20230704 21:55:33.140"/>
</kw>
<kw name="Page Should Contain Element" library="SeleniumLibrary">
<arg>//p[text()='Are you Sure?']</arg>
<doc>Verifies that element ``locator`` is found on the current page.</doc>
<msg timestamp="20230704 21:55:33.166" level="INFO">Current page contains element '//p[text()='Are you Sure?']'.</msg>
<status status="PASS" starttime="20230704 21:55:33.140" endtime="20230704 21:55:33.166"/>
</kw>
<kw name="Click Element" library="SeleniumLibrary">
<arg>//button[text()=' Yes, Delete ']</arg>
<doc>Click the element identified by ``locator``.</doc>
<msg timestamp="20230704 21:55:33.166" level="INFO">Clicking element '//button[text()=' Yes, Delete ']'.</msg>
<status status="PASS" starttime="20230704 21:55:33.166" endtime="20230704 21:55:33.294"/>
</kw>
<kw name="Sleep" library="BuiltIn">
<arg>2s</arg>
<doc>Pauses the test executed for the given time.</doc>
<msg timestamp="20230704 21:55:35.302" level="INFO">Slept 2 seconds</msg>
<status status="PASS" starttime="20230704 21:55:33.294" endtime="20230704 21:55:35.302"/>
</kw>
<status status="PASS" starttime="20230704 21:55:33.013" endtime="20230704 21:55:35.302"/>
</kw>
<kw name="Then the visitor logout" library="keyword-TP1">
<kw name="Sleep" library="BuiltIn">
<arg>2s</arg>
<doc>Pauses the test executed for the given time.</doc>
<msg timestamp="20230704 21:55:37.313" level="INFO">Slept 2 seconds</msg>
<status status="PASS" starttime="20230704 21:55:35.305" endtime="20230704 21:55:37.313"/>
</kw>
<kw name="Click Element" library="SeleniumLibrary">
<arg>//img[@alt="profile picture"]</arg>
<doc>Click the element identified by ``locator``.</doc>
<msg timestamp="20230704 21:55:37.313" level="INFO">Clicking element '//img[@alt="profile picture"]'.</msg>
<status status="PASS" starttime="20230704 21:55:37.313" endtime="20230704 21:55:37.401"/>
</kw>
<kw name="Sleep" library="BuiltIn">
<arg>1s</arg>
<doc>Pauses the test executed for the given time.</doc>
<msg timestamp="20230704 21:55:38.408" level="INFO">Slept 1 second</msg>
<status status="PASS" starttime="20230704 21:55:37.401" endtime="20230704 21:55:38.408"/>
</kw>
<kw name="Click Element" library="SeleniumLibrary">
<arg>//li[a[text()='Logout']]</arg>
<doc>Click the element identified by ``locator``.</doc>
<msg timestamp="20230704 21:55:38.408" level="INFO">Clicking element '//li[a[text()='Logout']]'.</msg>
<status status="PASS" starttime="20230704 21:55:38.408" endtime="20230704 21:55:38.994"/>
</kw>
<kw name="Sleep" library="BuiltIn">
<arg>2s</arg>
<doc>Pauses the test executed for the given time.</doc>
<msg timestamp="20230704 21:55:41.005" level="INFO">Slept 2 seconds</msg>
<status status="PASS" starttime="20230704 21:55:38.994" endtime="20230704 21:55:41.005"/>
</kw>
<kw name="Page Should Contain Element" library="SeleniumLibrary">
<arg>//h5[text()='Login']</arg>
<doc>Verifies that element ``locator`` is found on the current page.</doc>
<msg timestamp="20230704 21:55:41.030" level="INFO">Current page contains element '//h5[text()='Login']'.</msg>
<status status="PASS" starttime="20230704 21:55:41.005" endtime="20230704 21:55:41.030"/>
</kw>
<status status="PASS" starttime="20230704 21:55:35.305" endtime="20230704 21:55:41.030"/>
</kw>
<tag>employeemanagement</tag>
<status status="PASS" starttime="20230704 21:54:47.138" endtime="20230704 21:55:41.030"/>
</test>
<doc>Employee Management Test Case</doc>
<status status="PASS" starttime="20230704 21:54:46.850" endtime="20230704 21:55:41.037"/>
</suite>
<statistics>
<total>
<stat pass="1" fail="0" skip="0">All Tests</stat>
</total>
<tag>
<stat pass="1" fail="0" skip="0">employeemanagement</stat>
</tag>
<suite>
<stat pass="1" fail="0" skip="0" id="s1" name="TP-2">TP-2</stat>
</suite>
</statistics>
<errors>
</errors>
</robot>
